<?xml version="1.0" encoding="UTF-8"?>
<!-- Generated by org.testng.reporters.JUnitReportReporter -->
<testsuite hostname="DESKTOP-F26NLEJ" failures="0" tests="1" name="com.Jenkins.Integration.SecondTestCase" time="5.603" errors="0" timestamp="2022-07-27T12:50:49 IST" skipped="0">
  <testcase classname="com.Jenkins.Integration.SecondTestCase" name="secondTestCase" time="5.603"/>
  <system-out/>
</testsuite> <!-- com.Jenkins.Integration.SecondTestCase -->
