<?xml version="1.0" encoding="UTF-8"?>
<!-- Generated by org.testng.reporters.JUnitReportReporter -->
<testsuite hostname="DESKTOP-F26NLEJ" failures="0" tests="1" name="com.Jenkins.Integration.FirstTestCase" time="6.134" errors="0" timestamp="2022-07-27T12:22:46 IST" skipped="0">
  <testcase classname="com.Jenkins.Integration.FirstTestCase" name="fisttestCase" time="6.134"/>
  <system-out/>
</testsuite> <!-- com.Jenkins.Integration.FirstTestCase -->
