<?xml version="1.0" encoding="UTF-8"?>
<!-- Generated by org.testng.reporters.JUnitReportReporter -->
<testsuite hostname="DESKTOP-F26NLEJ" failures="0" tests="1" name="com.Jenkins.Integration.FirstTestCase" time="6.496" errors="0" timestamp="23 Jun 2022 11:14:01 GMT">
  <testcase classname="com.Jenkins.Integration.FirstTestCase" name="fisttestCase" time="6.496"/>
</testsuite> <!-- com.Jenkins.Integration.FirstTestCase -->
