<?xml version="1.0" encoding="UTF-8"?>
<!-- Generated by org.testng.reporters.JUnitReportReporter -->
<testsuite hostname="DESKTOP-F26NLEJ" failures="0" tests="1" name="com.Jenkins.Integration.ThirdTestCase" time="9.500" errors="0" timestamp="2022-07-27T16:03:31 IST" skipped="0">
  <testcase classname="com.Jenkins.Integration.ThirdTestCase" name="thirdTestCase" time="9.500"/>
  <system-out/>
</testsuite> <!-- com.Jenkins.Integration.ThirdTestCase -->
