<?xml version="1.0" encoding="UTF-8"?>
<!-- Generated by org.testng.reporters.JUnitReportReporter -->
<testsuite hostname="DESKTOP-F26NLEJ" failures="0" tests="1" name="com.Jenkins.Integration.FourthTestCase" time="10.179" errors="0" timestamp="2022-07-27T16:02:50 IST" skipped="0">
  <testcase classname="com.Jenkins.Integration.FourthTestCase" name="fourthTestCase" time="10.179"/>
  <system-out/>
</testsuite> <!-- com.Jenkins.Integration.FourthTestCase -->
