<?xml version="1.0" encoding="UTF-8"?>
<!-- Generated by org.testng.reporters.JUnitReportReporter -->
<testsuite hostname="DESKTOP-F26NLEJ" failures="0" tests="1" name="com.Jenkins.Integration.SecondTestCase" time="0.009" errors="0" timestamp="23 Jun 2022 05:26:32 GMT">
  <testcase classname="com.Jenkins.Integration.SecondTestCase" name="secondTestCase" time="0.009"/>
</testsuite> <!-- com.Jenkins.Integration.SecondTestCase -->
