<?xml version="1.0" encoding="UTF-8"?>
<!-- Generated by org.testng.reporters.JUnitReportReporter -->
<testsuite hostname="DESKTOP-F26NLEJ" name="com.Jenkins.Integration.FirstTestCase" tests="1" failures="0" timestamp="23 Jun 2022 13:04:36 GMT" time="8.332" errors="0">
  <testcase name="fisttestCase" time="8.332" classname="com.Jenkins.Integration.FirstTestCase"/>
</testsuite> <!-- com.Jenkins.Integration.FirstTestCase -->
