<?xml version="1.0" encoding="UTF-8"?>
<!-- Generated by org.testng.reporters.JUnitReportReporter -->
<testsuite hostname="DESKTOP-F26NLEJ" name="com.Jenkins.Integration.SecondTestCase" tests="1" failures="0" timestamp="23 Jun 2022 13:04:36 GMT" time="0.001" errors="0">
  <testcase name="secondTestCase" time="0.001" classname="com.Jenkins.Integration.SecondTestCase"/>
</testsuite> <!-- com.Jenkins.Integration.SecondTestCase -->
